0 info it worked if it ends with ok
1 verbose cli [ 'node', '/usr/local/bin/npm', 'install', '-g', 'localtunnel' ]
2 info using npm@1.4.9
3 info using node@v0.10.28
4 verbose cache add [ 'localtunnel', null ]
5 verbose cache add name=undefined spec="localtunnel" args=["localtunnel",null]
6 verbose parsed url { protocol: null,
6 verbose parsed url   slashes: null,
6 verbose parsed url   auth: null,
6 verbose parsed url   host: null,
6 verbose parsed url   port: null,
6 verbose parsed url   hostname: null,
6 verbose parsed url   hash: null,
6 verbose parsed url   search: null,
6 verbose parsed url   query: null,
6 verbose parsed url   pathname: 'localtunnel',
6 verbose parsed url   path: 'localtunnel',
6 verbose parsed url   href: 'localtunnel' }
7 silly lockFile a0661bc8-localtunnel localtunnel
8 verbose lock localtunnel /Users/hanschristiangregersen/.npm/a0661bc8-localtunnel.lock
9 silly lockFile a0661bc8-localtunnel localtunnel
10 silly lockFile a0661bc8-localtunnel localtunnel
11 verbose addNamed [ 'localtunnel', '' ]
12 verbose addNamed [ null, '*' ]
13 silly lockFile c752cf78-localtunnel localtunnel@
14 verbose lock localtunnel@ /Users/hanschristiangregersen/.npm/c752cf78-localtunnel.lock
15 silly addNameRange { name: 'localtunnel', range: '*', hasData: false }
16 verbose url raw localtunnel
17 verbose url resolving [ 'https://registry.npmjs.org/', './localtunnel' ]
18 verbose url resolved https://registry.npmjs.org/localtunnel
19 info trying registry request attempt 1 at 12:53:04
20 http GET https://registry.npmjs.org/localtunnel
21 http 200 https://registry.npmjs.org/localtunnel
22 silly registry.get cb [ 200,
22 silly registry.get   { server: 'CouchDB/1.5.0 (Erlang OTP/R16B03)',
22 silly registry.get     etag: '"BD6XR3ST4C5KX3QMW73JOP36J"',
22 silly registry.get     'content-type': 'application/json',
22 silly registry.get     'cache-control': 'max-age=60',
22 silly registry.get     'content-length': '25306',
22 silly registry.get     'accept-ranges': 'bytes',
22 silly registry.get     date: 'Mon, 27 Jul 2015 11:53:05 GMT',
22 silly registry.get     via: '1.1 varnish',
22 silly registry.get     age: '30',
22 silly registry.get     connection: 'keep-alive',
22 silly registry.get     'x-served-by': 'cache-lcy1135-LCY',
22 silly registry.get     'x-cache': 'HIT',
22 silly registry.get     'x-cache-hits': '1',
22 silly registry.get     'x-timer': 'S1437997985.485837,VS0,VE0',
22 silly registry.get     vary: 'Accept' } ]
23 silly addNameRange number 2 { name: 'localtunnel', range: '*', hasData: true }
24 silly addNameRange versions [ 'localtunnel',
24 silly addNameRange   [ '0.0.0',
24 silly addNameRange     '0.0.1',
24 silly addNameRange     '0.0.2',
24 silly addNameRange     '0.0.3',
24 silly addNameRange     '0.0.4',
24 silly addNameRange     '0.1.0',
24 silly addNameRange     '0.1.1',
24 silly addNameRange     '0.1.2',
24 silly addNameRange     '0.1.3',
24 silly addNameRange     '0.2.0',
24 silly addNameRange     '0.2.1',
24 silly addNameRange     '0.2.2',
24 silly addNameRange     '1.0.0',
24 silly addNameRange     '1.1.0',
24 silly addNameRange     '1.1.1',
24 silly addNameRange     '1.1.2',
24 silly addNameRange     '1.2.0',
24 silly addNameRange     '1.3.0',
24 silly addNameRange     '1.4.0',
24 silly addNameRange     '1.5.0',
24 silly addNameRange     '1.5.1',
24 silly addNameRange     '1.6.0',
24 silly addNameRange     '1.7.0' ] ]
25 verbose addNamed [ 'localtunnel', '1.7.0' ]
26 verbose addNamed [ '1.7.0', '1.7.0' ]
27 silly lockFile 9b4a9b8f-localtunnel-1-7-0 localtunnel@1.7.0
28 verbose lock localtunnel@1.7.0 /Users/hanschristiangregersen/.npm/9b4a9b8f-localtunnel-1-7-0.lock
29 silly lockFile c1289ea0-ocaltunnel-localtunnel-1-7-0-tgz https://registry.npmjs.org/localtunnel/-/localtunnel-1.7.0.tgz
30 verbose lock https://registry.npmjs.org/localtunnel/-/localtunnel-1.7.0.tgz /Users/hanschristiangregersen/.npm/c1289ea0-ocaltunnel-localtunnel-1-7-0-tgz.lock
31 verbose addRemoteTarball [ 'https://registry.npmjs.org/localtunnel/-/localtunnel-1.7.0.tgz',
31 verbose addRemoteTarball   '6128bc10013efa87aabc6f4393a80a0a6df33a63' ]
32 info retry fetch attempt 1 at 12:53:05
33 verbose fetch to= /var/folders/nt/0nwpkf5j6qb_z79tmnz3l8k00000gn/T/npm-1433-zpH6e_3y/1437997985480-0.8741875004488975/tmp.tgz
34 http GET https://registry.npmjs.org/localtunnel/-/localtunnel-1.7.0.tgz
35 http 200 https://registry.npmjs.org/localtunnel/-/localtunnel-1.7.0.tgz
36 verbose tar unpack /var/folders/nt/0nwpkf5j6qb_z79tmnz3l8k00000gn/T/npm-1433-zpH6e_3y/1437997985480-0.8741875004488975/tmp.tgz
37 silly lockFile 12cd0c45-en-npm-localtunnel-1-7-0-package tar:///Users/hanschristiangregersen/.npm/localtunnel/1.7.0/package
38 verbose lock tar:///Users/hanschristiangregersen/.npm/localtunnel/1.7.0/package /Users/hanschristiangregersen/.npm/12cd0c45-en-npm-localtunnel-1-7-0-package.lock
39 silly lockFile 31f89d63-85480-0-8741875004488975-tmp-tgz tar:///var/folders/nt/0nwpkf5j6qb_z79tmnz3l8k00000gn/T/npm-1433-zpH6e_3y/1437997985480-0.8741875004488975/tmp.tgz
40 verbose lock tar:///var/folders/nt/0nwpkf5j6qb_z79tmnz3l8k00000gn/T/npm-1433-zpH6e_3y/1437997985480-0.8741875004488975/tmp.tgz /Users/hanschristiangregersen/.npm/31f89d63-85480-0-8741875004488975-tmp-tgz.lock
41 silly gunzTarPerm modes [ '755', '644' ]
42 silly gunzTarPerm extractEntry package.json
43 silly gunzTarPerm extractEntry .npmignore
44 silly gunzTarPerm extractEntry README.md
45 silly gunzTarPerm extractEntry client.js
46 silly gunzTarPerm extractEntry bin/client
47 silly gunzTarPerm extractEntry .travis.yml
48 silly gunzTarPerm extractEntry lib/HeaderHostTransformer.js
49 silly gunzTarPerm extractEntry lib/Tunnel.js
50 silly gunzTarPerm extractEntry lib/TunnelCluster.js
51 silly gunzTarPerm extractEntry History.md
52 silly gunzTarPerm extractEntry test/index.js
53 silly lockFile 12cd0c45-en-npm-localtunnel-1-7-0-package tar:///Users/hanschristiangregersen/.npm/localtunnel/1.7.0/package
54 silly lockFile 12cd0c45-en-npm-localtunnel-1-7-0-package tar:///Users/hanschristiangregersen/.npm/localtunnel/1.7.0/package
55 silly lockFile 31f89d63-85480-0-8741875004488975-tmp-tgz tar:///var/folders/nt/0nwpkf5j6qb_z79tmnz3l8k00000gn/T/npm-1433-zpH6e_3y/1437997985480-0.8741875004488975/tmp.tgz
56 silly lockFile 31f89d63-85480-0-8741875004488975-tmp-tgz tar:///var/folders/nt/0nwpkf5j6qb_z79tmnz3l8k00000gn/T/npm-1433-zpH6e_3y/1437997985480-0.8741875004488975/tmp.tgz
57 silly lockFile c1289ea0-ocaltunnel-localtunnel-1-7-0-tgz https://registry.npmjs.org/localtunnel/-/localtunnel-1.7.0.tgz
58 silly lockFile c1289ea0-ocaltunnel-localtunnel-1-7-0-tgz https://registry.npmjs.org/localtunnel/-/localtunnel-1.7.0.tgz
59 silly lockFile 9b4a9b8f-localtunnel-1-7-0 localtunnel@1.7.0
60 silly lockFile 9b4a9b8f-localtunnel-1-7-0 localtunnel@1.7.0
61 silly lockFile c752cf78-localtunnel localtunnel@
62 silly lockFile c752cf78-localtunnel localtunnel@
63 silly resolved [ { author: { name: 'Roman Shtylman', email: 'shtylman@gmail.com' },
63 silly resolved     name: 'localtunnel',
63 silly resolved     description: 'expose localhost to the world',
63 silly resolved     version: '1.7.0',
63 silly resolved     license: 'MIT',
63 silly resolved     repository:
63 silly resolved      { type: 'git',
63 silly resolved        url: 'git://github.com/shtylman/localtunnel.git' },
63 silly resolved     dependencies:
63 silly resolved      { request: '2.11.4',
63 silly resolved        yargs: '3.15.0',
63 silly resolved        debug: '0.7.4',
63 silly resolved        openurl: '1.1.0' },
63 silly resolved     devDependencies: { mocha: '~1.17.0' },
63 silly resolved     scripts: { test: 'mocha --ui qunit --reporter list --timeout 10000 -- test/index.js' },
63 silly resolved     bin: { lt: './bin/client' },
63 silly resolved     main: './client.js',
63 silly resolved     readme: '# localtunnel [![Build Status](https://travis-ci.org/defunctzombie/localtunnel.png?branch=master)](https://travis-ci.org/defunctzombie/localtunnel) #\n\nlocaltunnel exposes your localhost to the world for easy testing and sharing! No need to mess with DNS or deploy just to have others test out your changes.\n\nGreat for working with browser testing tools like browserling or external api callback services like twilio which require a public url for callbacks.\n\n## installation ##\n\n```\nnpm install -g localtunnel\n```\n\nThis will install the localtunnel module globally and add the \'lt\' client cli tool to your PATH.\n\n## use ##\n\nAssuming your local server is running on port 8000, just use the ```lt``` command to start the tunnel.\n\n```\nlt --port 8000\n```\n\nThats it! It will connect to the tunnel server, setup the tunnel, and tell you what url to use for your testing. This url will remain active for the duration of your session; so feel free to share it with others for happy fun time!\n\nYou can restart your local server all you want, ```lt``` is smart enough to detect this and reconnect once it is back.\n\n### arguments\n\nBelow are some common arguments. See `lt --help` for additional arguments\n\n* `--subdomain` request a named subdomain on the localtunnel server (default is random characters)\n* `--local-host` proxy to a hostname other than localhost\n\n## API ##\n\nThe localtunnel client is also usable through an API (for test integration, automation, etc)\n\n### localtunnel(port [,opts], fn)\n\nCreates a new localtunnel to the specified local `port`. `fn` will be called once you have been assigned a public localtunnel url. `opts` can be used to request a specific `subdomain`.\n\n```javascript\nvar localtunnel = require(\'localtunnel\');\n\nvar tunnel = localtunnel(port, function(err, tunnel) {\n    if (err) ...\n\n    // the assigned public url for your tunnel\n    // i.e. https://abcdefgjhij.localtunnel.me\n    tunnel.url;\n});\n\ntunnel.on(\'close\', function() {\n    // tunnels are closed\n});\n```\n\n### opts\n\n* `subdomain` A *string* value requesting a specific subdomain on the proxy server. **Note** You may not actually receive this name depending on availablily.\n* `local_host` Proxy to this hostname instead of `localhost`. This will also cause the `Host` header to be re-written to this value in proxied requests.\n\n### Tunnel\n\nThe `tunnel` instance returned to your callback emits the following events\n\n|event|args|description|\n|----|----|----|\n|error|err|fires when an error happens on the tunnel|\n|close||fires when the tunnel has closed|\n\nThe `tunnel instance has the following methods\n\n|method|args|description|\n|----|----|----|\n|close||close the tunnel|\n\n## other clients ##\n\nClients in other languages\n\n*go* [gotunnelme](https://github.com/NoahShen/gotunnelme)\n\n## server ##\n\nSee defunctzombie/localtunnel-server for details on the server that powers localtunnel.\n\n## License ##\nMIT\n',
63 silly resolved     readmeFilename: 'README.md',
63 silly resolved     bugs: { url: 'https://github.com/shtylman/localtunnel/issues' },
63 silly resolved     homepage: 'https://github.com/shtylman/localtunnel',
63 silly resolved     _id: 'localtunnel@1.7.0',
63 silly resolved     _shasum: '6128bc10013efa87aabc6f4393a80a0a6df33a63',
63 silly resolved     _from: 'localtunnel@',
63 silly resolved     _resolved: 'https://registry.npmjs.org/localtunnel/-/localtunnel-1.7.0.tgz' } ]
64 info install localtunnel@1.7.0 into /usr/local/lib
65 info installOne localtunnel@1.7.0
66 info /usr/local/lib/node_modules/localtunnel unbuild
67 verbose tar unpack /Users/hanschristiangregersen/.npm/localtunnel/1.7.0/package.tgz
68 silly lockFile 64ac3b3b-cal-lib-node-modules-localtunnel tar:///usr/local/lib/node_modules/localtunnel
69 verbose lock tar:///usr/local/lib/node_modules/localtunnel /Users/hanschristiangregersen/.npm/64ac3b3b-cal-lib-node-modules-localtunnel.lock
70 silly lockFile e948cf04-pm-localtunnel-1-7-0-package-tgz tar:///Users/hanschristiangregersen/.npm/localtunnel/1.7.0/package.tgz
71 verbose lock tar:///Users/hanschristiangregersen/.npm/localtunnel/1.7.0/package.tgz /Users/hanschristiangregersen/.npm/e948cf04-pm-localtunnel-1-7-0-package-tgz.lock
72 silly gunzTarPerm modes [ '755', '644' ]
73 error Error: EACCES, mkdir '/usr/local/lib/node_modules/localtunnel'
73 error  { [Error: EACCES, mkdir '/usr/local/lib/node_modules/localtunnel']
73 error   errno: 3,
73 error   code: 'EACCES',
73 error   path: '/usr/local/lib/node_modules/localtunnel',
73 error   fstream_type: 'Directory',
73 error   fstream_path: '/usr/local/lib/node_modules/localtunnel',
73 error   fstream_class: 'DirWriter',
73 error   fstream_stack:
73 error    [ '/usr/local/lib/node_modules/npm/node_modules/fstream/lib/dir-writer.js:36:23',
73 error      '/usr/local/lib/node_modules/npm/node_modules/mkdirp/index.js:37:53',
73 error      'Object.oncomplete (fs.js:107:15)' ] }
74 error Please try running this command again as root/Administrator.
75 error System Darwin 14.4.0
76 error command "node" "/usr/local/bin/npm" "install" "-g" "localtunnel"
77 error cwd /Users/hanschristiangregersen/PycharmProjects/NewDesignBooked/MyEdProject
78 error node -v v0.10.28
79 error npm -v 1.4.9
80 error path /usr/local/lib/node_modules/localtunnel
81 error fstream_path /usr/local/lib/node_modules/localtunnel
82 error fstream_type Directory
83 error fstream_class DirWriter
84 error code EACCES
85 error errno 3
86 error stack Error: EACCES, mkdir '/usr/local/lib/node_modules/localtunnel'
87 error fstream_stack /usr/local/lib/node_modules/npm/node_modules/fstream/lib/dir-writer.js:36:23
87 error fstream_stack /usr/local/lib/node_modules/npm/node_modules/mkdirp/index.js:37:53
87 error fstream_stack Object.oncomplete (fs.js:107:15)
88 verbose exit [ 3, true ]
